This is e-pTeX, Version 3.14159265-p3.8.0-180226-2.6 (utf8.euc) (TeX Live 2018) (preloaded format=platex 2018.5.30)  6 FEB 2019 23:45
entering extended mode
 restricted \write18 enabled.
 %&-line parsing enabled.
**/Users/daichi/programing/class/zikken/meca-exp/analog_kairo/report/report
(/Users/daichi/programing/class/zikken/meca-exp/analog_kairo/report/report.tex
pLaTeX2e <2018-04-01>+1 (based on LaTeX2e <2018-04-01> patch level 2)
Babel <3.18> and hyphenation patterns for 84 language(s) loaded.
(/usr/local/texlive/2018/texmf-dist/tex/platex/jsclasses/jsarticle.cls
Document Class: jsarticle 2018/03/11 jsclasses (okumura, texjporg)
\jsc@mpt=\dimen118
\jsc@mmm=\dimen119
\jsc@smallskipamount=\skip41
LaTeX Info: Redefining \rmfamily on input line 466.
LaTeX Info: Redefining \sffamily on input line 469.
LaTeX Info: Redefining \ttfamily on input line 472.
LaTeX Info: Redefining \textmc on input line 476.
LaTeX Info: Redefining \textgt on input line 478.
\symmincho=\mathgroup4
LaTeX Font Info:    Overwriting symbol font `mincho' in version `bold'
(Font)                  JY1/mc/m/n --> JY1/gt/m/n on input line 540.
LaTeX Font Info:    Font shape `JT1/mc/m/n' will be
(Font)              scaled to size 9.60999pt on input line 731.
LaTeX Font Info:    Font shape `JY1/mc/m/n' will be
(Font)              scaled to size 9.60999pt on input line 731.
\fullwidth=\dimen120
LaTeX Font Info:    Font shape `JT1/mc/m/n' will be
(Font)              scaled to size 7.68799pt on input line 884.
LaTeX Font Info:    Font shape `JY1/mc/m/n' will be
(Font)              scaled to size 7.68799pt on input line 884.
\c@part=\count83
\c@section=\count84
\c@subsection=\count85
\c@subsubsection=\count86
\c@paragraph=\count87
\c@subparagraph=\count88
\@abstractbox=\box42
\c@figure=\count89
\c@table=\count90
\abovecaptionskip=\skip42
\belowcaptionskip=\skip43
\jsc@tocl@width=\dimen121
\@lnumwidth=\dimen122
\bibindent=\dimen123
(/usr/local/texlive/2018/texmf-dist/tex/platex/jsclasses/jslogo.sty
Package: jslogo 2017/02/24 okumura, texjporg
LaTeX Info: Redefining \TeX on input line 94.
LaTeX Info: Redefining \LaTeX on input line 147.
LaTeX Info: Redefining \LaTeXe on input line 200.
)
\heisei=\count91
) (/usr/local/texlive/2018/texmf-dist/tex/latex/amsmath/amsmath.sty
Package: amsmath 2017/09/02 v2.17a AMS math features
\@mathmargin=\skip44

For additional information on amsmath, use the `?' option.
(/usr/local/texlive/2018/texmf-dist/tex/latex/amsmath/amstext.sty
Package: amstext 2000/06/29 v2.01 AMS text
 (/usr/local/texlive/2018/texmf-dist/tex/latex/amsmath/amsgen.sty
File: amsgen.sty 1999/11/30 v2.0 generic functions
\@emptytoks=\toks15
\ex@=\dimen124
)) (/usr/local/texlive/2018/texmf-dist/tex/latex/amsmath/amsbsy.sty
Package: amsbsy 1999/11/29 v1.2d Bold Symbols
\pmbraise@=\dimen125
) (/usr/local/texlive/2018/texmf-dist/tex/latex/amsmath/amsopn.sty
Package: amsopn 2016/03/08 v2.02 operator names
)
\inf@bad=\count92
LaTeX Info: Redefining \frac on input line 213.
\uproot@=\count93
\leftroot@=\count94
LaTeX Info: Redefining \overline on input line 375.
\classnum@=\count95
\DOTSCASE@=\count96
LaTeX Info: Redefining \ldots on input line 472.
LaTeX Info: Redefining \dots on input line 475.
LaTeX Info: Redefining \cdots on input line 596.
\Mathstrutbox@=\box43
\strutbox@=\box44
\big@size=\dimen126
LaTeX Font Info:    Redeclaring font encoding OML on input line 712.
LaTeX Font Info:    Redeclaring font encoding OMS on input line 713.
\macc@depth=\count97
\c@MaxMatrixCols=\count98
\dotsspace@=\muskip10
\c@parentequation=\count99
\dspbrk@lvl=\count100
\tag@help=\toks16
\row@=\count101
\column@=\count102
\maxfields@=\count103
\andhelp@=\toks17
\eqnshift@=\dimen127
\alignsep@=\dimen128
\tagshift@=\dimen129
\tagwidth@=\dimen130
\totwidth@=\dimen131
\lineht@=\dimen132
\@envbody=\toks18
\multlinegap=\skip45
\multlinetaggap=\skip46
\mathdisplay@stack=\toks19
LaTeX Info: Redefining \[ on input line 2817.
LaTeX Info: Redefining \] on input line 2818.
) (/usr/local/texlive/2018/texmf-dist/tex/latex/graphics/graphicx.sty
Package: graphicx 2017/06/01 v1.1a Enhanced LaTeX Graphics (DPC,SPQR)
 (/usr/local/texlive/2018/texmf-dist/tex/latex/graphics/keyval.sty
Package: keyval 2014/10/28 v1.15 key=value parser (DPC)
\KV@toks@=\toks20
) (/usr/local/texlive/2018/texmf-dist/tex/latex/graphics/graphics.sty
Package: graphics 2017/06/25 v1.2c Standard LaTeX Graphics (DPC,SPQR)
 (/usr/local/texlive/2018/texmf-dist/tex/latex/graphics/trig.sty
Package: trig 2016/01/03 v1.10 sin cos tan (DPC)
) (/usr/local/texlive/2018/texmf-dist/tex/latex/graphics-cfg/graphics.cfg
File: graphics.cfg 2016/06/04 v1.11 sample graphics configuration
)
Package graphics Info: Driver file: dvipdfmx.def on input line 99.
 (/usr/local/texlive/2018/texmf-dist/tex/latex/graphics-def/dvipdfmx.def
File: dvipdfmx.def 2017/06/24 v5.0g Graphics/color driver for dvipdfmx
))
\Gin@req@height=\dimen133
\Gin@req@width=\dimen134
) (/usr/local/texlive/2018/texmf-dist/tex/latex/url/url.sty
\Urlmuskip=\muskip11
Package: url 2013/09/16  ver 3.4  Verb mode for urls, etc.
) (/usr/local/texlive/2018/texmf-dist/tex/latex/here/here.sty) (/usr/local/texlive/2018/texmf-dist/tex/latex/float/float.sty
Package: float 2001/11/08 v1.3d Float enhancements (AL)
\c@float@type=\count104
\float@exts=\toks21
\float@box=\box45
\@float@everytoks=\toks22
\@floatcapt=\box46
)
No file report.aux.
\openout1 = `report.aux'.

LaTeX Font Info:    Checking defaults for OML/cmm/m/it on input line 11.
LaTeX Font Info:    ... okay on input line 11.
LaTeX Font Info:    Checking defaults for T1/cmr/m/n on input line 11.
LaTeX Font Info:    ... okay on input line 11.
LaTeX Font Info:    Checking defaults for OT1/cmr/m/n on input line 11.
LaTeX Font Info:    ... okay on input line 11.
LaTeX Font Info:    Checking defaults for OMS/cmsy/m/n on input line 11.
LaTeX Font Info:    ... okay on input line 11.
LaTeX Font Info:    Checking defaults for OMX/cmex/m/n on input line 11.
LaTeX Font Info:    ... okay on input line 11.
LaTeX Font Info:    Checking defaults for U/cmr/m/n on input line 11.
LaTeX Font Info:    ... okay on input line 11.
LaTeX Font Info:    Checking defaults for JY1/mc/m/n on input line 11.
LaTeX Font Info:    ... okay on input line 11.
LaTeX Font Info:    Checking defaults for JT1/mc/m/n on input line 11.
LaTeX Font Info:    ... okay on input line 11.
LaTeX Font Info:    Font shape `JT1/mc/m/n' will be
(Font)              scaled to size 16.60605pt on input line 12.
LaTeX Font Info:    Font shape `JY1/mc/m/n' will be
(Font)              scaled to size 16.60605pt on input line 12.
LaTeX Font Info:    Font shape `JT1/mc/m/n' will be
(Font)              scaled to size 11.53198pt on input line 12.
LaTeX Font Info:    Font shape `JY1/mc/m/n' will be
(Font)              scaled to size 11.53198pt on input line 12.
LaTeX Font Info:    Font shape `JY1/mc/m/n' will be
(Font)              scaled to size 5.76599pt on input line 12.
LaTeX Font Info:    Font shape `JT1/gt/m/n' will be
(Font)              scaled to size 11.53198pt on input line 13.
LaTeX Font Info:    Font shape `JY1/gt/m/n' will be
(Font)              scaled to size 11.53198pt on input line 13.
LaTeX Font Info:    Font shape `JT1/gt/m/n' will be
(Font)              scaled to size 9.60999pt on input line 21.
LaTeX Font Info:    Font shape `JY1/gt/m/n' will be
(Font)              scaled to size 9.60999pt on input line 21.
LaTeX Font Info:    Font shape `JY1/mc/m/n' will be
(Font)              scaled to size 6.72699pt on input line 25.
LaTeX Font Info:    Font shape `JY1/mc/m/n' will be
(Font)              scaled to size 4.805pt on input line 25.
LaTeX Font Info:    Font shape `JT1/mc/m/n' will be
(Font)              scaled to size 8.64899pt on input line 31.
LaTeX Font Info:    Font shape `JY1/mc/m/n' will be
(Font)              scaled to size 8.64899pt on input line 31.
[1


]
File: ../img/bibun_kairo.png Graphic file (type bmp)
<../img/bibun_kairo.png>
 [2]

LaTeX Warning: No positions in optional float specifier.
               Default added (so using `tbp') on input line 217.

File: ../img/hi_hanten_zoufuku_kairo.png Graphic file (type bmp)
<../img/hi_hanten_zoufuku_kairo.png>
[3]

LaTeX Warning: No positions in optional float specifier.
               Default added (so using `tbp') on input line 251.

File: ../img/ro-pasu.png Graphic file (type bmp)
<../img/ro-pasu.png>

LaTeX Warning: No positions in optional float specifier.
               Default added (so using `tbp') on input line 270.

File: ../img/highpass.png Graphic file (type bmp)
<../img/highpass.png>

LaTeX Warning: No positions in optional float specifier.
               Default added (so using `tbp') on input line 285.

File: ../img/bibunkairo.png Graphic file (type bmp)
<../img/bibunkairo.png>

LaTeX Warning: No positions in optional float specifier.
               Default added (so using `tbp') on input line 300.

File: ../img/sekibun_kairo_.png Graphic file (type bmp)
<../img/sekibun_kairo_.png>

Underfull \vbox (badness 10000) has occurred while \output is active []

 [4]

LaTeX Warning: No positions in optional float specifier.
               Default added (so using `tbp') on input line 339.

File: ../img/hantenzoufuku_result_1.png Graphic file (type bmp)
<../img/hantenzoufuku_result_1.png>

Underfull \vbox (badness 10000) has occurred while \output is active []



LaTeX Warning: No positions in optional float specifier.
               Default added (so using `tbp') on input line 373.

File: ../img/hantenzoufuku_result_2.png Graphic file (type bmp)
<../img/hantenzoufuku_result_2.png>

LaTeX Warning: No positions in optional float specifier.
               Default added (so using `tbp') on input line 417.

File: ../img/syuuhasuu_denatuzoufuku.png Graphic file (type bmp)
<../img/syuuhasuu_denatuzoufuku.png>

LaTeX Warning: No positions in optional float specifier.
               Default added (so using `tbp') on input line 424.

File: ../img/syuuhasuu_isousa_do.png Graphic file (type bmp)
<../img/syuuhasuu_isousa_do.png>

Overfull \hbox (0.71059pt too wide) in paragraph at lines 441--445
 [][][][] 
 []


Underfull \vbox (badness 10000) has occurred while \output is active []

 [5]

LaTeX Warning: No positions in optional float specifier.
               Default added (so using `tbp') on input line 483.

File: ../img/low_pass_result.png Graphic file (type bmp)
<../img/low_pass_result.png>

LaTeX Warning: No positions in optional float specifier.
               Default added (so using `tbp') on input line 490.

File: ../img/result_low_pass_vis.jpg Graphic file (type bmp)
<../img/result_low_pass_vis.jpg>

Overfull \hbox (0.71059pt too wide) in paragraph at lines 506--510
 [][][][] 
 []


LaTeX Warning: No positions in optional float specifier.
               Default added (so using `tbp') on input line 573.

File: ../img/high_result.png Graphic file (type bmp)
<../img/high_result.png>

LaTeX Warning: No positions in optional float specifier.
               Default added (so using `tbp') on input line 580.

File: ../img/result_high_pass_vis.jpg Graphic file (type bmp)
<../img/result_high_pass_vis.jpg>

LaTeX Warning: No positions in optional float specifier.
               Default added (so using `tbp') on input line 605.

File: ../img/result_bibun_100hz.jpg Graphic file (type bmp)
<../img/result_bibun_100hz.jpg>

LaTeX Warning: No positions in optional float specifier.
               Default added (so using `tbp') on input line 613.

File: ../img/result_bibun_1500hz.jpg Graphic file (type bmp)
<../img/result_bibun_1500hz.jpg>

LaTeX Warning: No positions in optional float specifier.
               Default added (so using `tbp') on input line 621.

File: ../img/result_bibun_15000hz.jpg Graphic file (type bmp)
<../img/result_bibun_15000hz.jpg>

Underfull \vbox (badness 4048) has occurred while \output is active []

 [6]

LaTeX Warning: No positions in optional float specifier.
               Default added (so using `tbp') on input line 644.

File: ../img/result_sekibun_10Hz.jpg Graphic file (type bmp)
<../img/result_sekibun_10Hz.jpg>

LaTeX Warning: No positions in optional float specifier.
               Default added (so using `tbp') on input line 651.

File: ../img/result_sekibun_700Hz.jpg Graphic file (type bmp)
<../img/result_sekibun_700Hz.jpg>

LaTeX Warning: No positions in optional float specifier.
               Default added (so using `tbp') on input line 658.

File: ../img/result_sekibun_5000Hz.jpg Graphic file (type bmp)
<../img/result_sekibun_5000Hz.jpg>

Underfull \vbox (badness 10000) has occurred while \output is active []


Underfull \vbox (badness 10000) has occurred while \output is active []

 [7] [8]
Underfull \vbox (badness 10000) has occurred while \output is active []



LaTeX Warning: No positions in optional float specifier.
               Default added (so using `tbp') on input line 706.

File: ../img/result_riron_low.png Graphic file (type bmp)
<../img/result_riron_low.png>

LaTeX Warning: No positions in optional float specifier.
               Default added (so using `tbp') on input line 713.

File: ../img/result_riron_high.png Graphic file (type bmp)
<../img/result_riron_high.png>

Underfull \hbox (badness 10000) in paragraph at lines 725--726
[]\OT1/cmr/m/n/10 Wikipedia \JY1/mc/m/n/10 微分回路
 []


Overfull \hbox (47.91835pt too wide) in paragraph at lines 725--726
[]\OT1/cmr/m/n/10 %E5%BE%AE%E5%88%86%E5%9B%9E%E8%B7%AF 
 []


Underfull \hbox (badness 10000) in paragraph at lines 727--728
[]\JY1/mc/m/n/10 ロ ーム株式会社 スル ーレ ート
 []


Underfull \hbox (badness 10000) in paragraph at lines 727--728
\OT1/cmr/m/n/10 https://www.rohm.co.jp/electronics-
 []


Underfull \hbox (badness 1742) in paragraph at lines 728--729
[]\JY1/mc/m/n/10 北海道大学 電子工学実験 \OT1/cmr/m/n/10 I \JY1/mc/m/n/10 （\OT1/cmr/m/n/10 2000 \JY1/mc/m/n/10 年～
 []


Underfull \hbox (badness 4713) in paragraph at lines 728--729
\OT1/cmr/m/n/10 2006 \JY1/mc/m/n/10 年 ） 演算増幅器を用いた基本回
 []


Underfull \hbox (badness 10000) in paragraph at lines 728--729
\JY1/mc/m/n/10 路 \OT1/cmr/m/n/10 https://www.rohm.co.jp/electronics-
 []

[9]
Overfull \hbox (36.83495pt too wide) in paragraph at lines 730--731
[]\OT1/cmr/m/n/10 https://ime.ist.hokudai.ac.jp/ aoki/laboratory02.html 
 []

[10

] [11] (./report.aux)

LaTeX Warning: Label(s) may have changed. Rerun to get cross-references right.

 ) 
Here is how much of TeX's memory you used:
 1659 strings out of 493281
 21046 string characters out of 6145041
 120560 words of memory out of 5000000
 5579 multiletter control sequences out of 15000+600000
 15666 words of font info for 69 fonts, out of 8000000 for 9000
 934 hyphenation exceptions out of 8191
 27i,9n,21p,296b,378s stack positions out of 5000i,500n,10000p,200000b,80000s

Output written on report.dvi (11 pages, 41820 bytes).
